# JRE version: OpenJDK Runtime Environment (11.0.13) (build 11.0.13+0-b1751.21-8125866)
# Java VM: OpenJDK 64-Bit Server VM (11.0.13+0-b1751.21-8125866, mixed mode, tiered, compressed oops, g1 gc, windows-amd64)
Heap:
 garbage-first heap   total 236544K, used 62220K [0x0000000761200000, 0x0000000800000000)
  region size 1024K, 8 young (8192K), 8 survivors (8192K)
 Metaspace       used 74443K, capacity 75149K, committed 75392K, reserved 1116160K
  class space    used 7979K, capacity 8254K, committed 8320K, reserved 1048576K
GC Heap History (17 events):
Event: 0.476 GC heap before
{Heap before GC invocations=0 (full 0):
 garbage-first heap   total 163840K, used 17408K [0x0000000761200000, 0x0000000800000000)
  region size 1024K, 14 young (14336K), 0 survivors (0K)
 Metaspace       used 9822K, capacity 9906K, committed 10112K, reserved 1058816K
  class space    used 828K, capacity 853K, committed 896K, reserved 1048576K
}
Event: 0.479 GC heap after
{Heap after GC invocations=1 (full 0):
 garbage-first heap   total 163840K, used 5413K [0x0000000761200000, 0x0000000800000000)
  region size 1024K, 2 young (2048K), 2 survivors (2048K)
 Metaspace       used 9822K, capacity 9906K, committed 10112K, reserved 1058816K
  class space    used 828K, capacity 853K, committed 896K, reserved 1048576K
}
Event: 1.380 GC heap before
{Heap before GC invocations=1 (full 0):
 garbage-first heap   total 163840K, used 50469K [0x0000000761200000, 0x0000000800000000)
  region size 1024K, 47 young (48128K), 2 survivors (2048K)
 Metaspace       used 20862K, capacity 21145K, committed 21248K, reserved 1069056K
  class space    used 2192K, capacity 2286K, committed 2304K, reserved 1048576K
}
Event: 1.393 GC heap after
{Heap after GC invocations=2 (full 0):
 garbage-first heap   total 163840K, used 9120K [0x0000000761200000, 0x0000000800000000)
  region size 1024K, 6 young (6144K), 6 survivors (6144K)
 Metaspace       used 20862K, capacity 21145K, committed 21248K, reserved 1069056K
  class space    used 2192K, capacity 2286K, committed 2304K, reserved 1048576K
}
Event: 2.314 GC heap before
{Heap before GC invocations=3 (full 0):
 garbage-first heap   total 163840K, used 59296K [0x0000000761200000, 0x0000000800000000)
  region size 1024K, 50 young (51200K), 6 survivors (6144K)
 Metaspace       used 30834K, capacity 31373K, committed 31488K, reserved 1077248K
  class space    used 3636K, capacity 3837K, committed 3840K, reserved 1048576K
}
Event: 2.335 GC heap after
{Heap after GC invocations=4 (full 0):
 garbage-first heap   total 163840K, used 20455K [0x0000000761200000, 0x0000000800000000)
  region size 1024K, 7 young (7168K), 7 survivors (7168K)
 Metaspace       used 30834K, capacity 31373K, committed 31488K, reserved 1077248K
  class space    used 3636K, capacity 3837K, committed 3840K, reserved 1048576K
}
Event: 2.792 GC heap before
{Heap before GC invocations=4 (full 0):
 garbage-first heap   total 163840K, used 40935K [0x0000000761200000, 0x0000000800000000)
  region size 1024K, 28 young (28672K), 7 survivors (7168K)
 Metaspace       used 34960K, capacity 35454K, committed 35584K, reserved 1081344K
  class space    used 4290K, capacity 4515K, committed 4608K, reserved 1048576K
}
Event: 2.803 GC heap after
{Heap after GC invocations=5 (full 0):
 garbage-first heap   total 163840K, used 20480K [0x0000000761200000, 0x0000000800000000)
  region size 1024K, 2 young (2048K), 2 survivors (2048K)
 Metaspace       used 34960K, capacity 35454K, committed 35584K, reserved 1081344K
  class space    used 4290K, capacity 4515K, committed 4608K, reserved 1048576K
}
Event: 4.070 GC heap before
{Heap before GC invocations=6 (full 0):
 garbage-first heap   total 163840K, used 80896K [0x0000000761200000, 0x0000000800000000)
  region size 1024K, 59 young (60416K), 2 survivors (2048K)
 Metaspace       used 46905K, capacity 47524K, committed 47744K, reserved 1091584K
  class space    used 5502K, capacity 5758K, committed 5760K, reserved 1048576K
}
Event: 4.089 GC heap after
{Heap after GC invocations=7 (full 0):
 garbage-first heap   total 196608K, used 28545K [0x0000000761200000, 0x0000000800000000)
  region size 1024K, 8 young (8192K), 8 survivors (8192K)
 Metaspace       used 46905K, capacity 47524K, committed 47744K, reserved 1091584K
  class space    used 5502K, capacity 5758K, committed 5760K, reserved 1048576K
}
Event: 5.912 GC heap before
{Heap before GC invocations=8 (full 0):
 garbage-first heap   total 196608K, used 101249K [0x0000000761200000, 0x0000000800000000)
  region size 1024K, 78 young (79872K), 8 survivors (8192K)
 Metaspace       used 52283K, capacity 52955K, committed 53120K, reserved 1095680K
  class space    used 5928K, capacity 6195K, committed 6272K, reserved 1048576K
}
Event: 5.935 GC heap after
{Heap after GC invocations=9 (full 0):
 garbage-first heap   total 196608K, used 36932K [0x0000000761200000, 0x0000000800000000)
  region size 1024K, 9 young (9216K), 9 survivors (9216K)
 Metaspace       used 52283K, capacity 52955K, committed 53120K, reserved 1095680K
  class space    used 5928K, capacity 6195K, committed 6272K, reserved 1048576K
}
Event: 8.033 GC heap before
{Heap before GC invocations=9 (full 0):
 garbage-first heap   total 196608K, used 118852K [0x0000000761200000, 0x0000000800000000)
  region size 1024K, 89 young (91136K), 9 survivors (9216K)
 Metaspace       used 57458K, capacity 58116K, committed 58368K, reserved 1101824K
  class space    used 6361K, capacity 6646K, committed 6656K, reserved 1048576K
}
Event: 8.057 GC heap after
{Heap after GC invocations=10 (full 0):
 garbage-first heap   total 196608K, used 45340K [0x0000000761200000, 0x0000000800000000)
  region size 1024K, 8 young (8192K), 8 survivors (8192K)
 Metaspace       used 57458K, capacity 58116K, committed 58368K, reserved 1101824K
  class space    used 6361K, capacity 6646K, committed 6656K, reserved 1048576K
}
Event: 10.022 GC heap before
{Heap before GC invocations=10 (full 0):
 garbage-first heap   total 196608K, used 134428K [0x0000000761200000, 0x0000000800000000)
  region size 1024K, 95 young (97280K), 8 survivors (8192K)
 Metaspace       used 65876K, capacity 66574K, committed 66688K, reserved 1107968K
  class space    used 7205K, capacity 7445K, committed 7552K, reserved 1048576K
}
Event: 10.046 GC heap after
{Heap after GC invocations=11 (full 0):
 garbage-first heap   total 196608K, used 54013K [0x0000000761200000, 0x0000000800000000)
  region size 1024K, 8 young (8192K), 8 survivors (8192K)
 Metaspace       used 65876K, capacity 66574K, committed 66688K, reserved 1107968K
  class space    used 7205K, capacity 7445K, committed 7552K, reserved 1048576K
}
Event: 12.402 GC heap before
{Heap before GC invocations=11 (full 0):
 garbage-first heap   total 196608K, used 143101K [0x0000000761200000, 0x0000000800000000)
  region size 1024K, 95 young (97280K), 8 survivors (8192K)
 Metaspace       used 74443K, capacity 75149K, committed 75392K, reserved 1116160K
  class space    used 7979K, capacity 8254K, committed 8320K, reserved 1048576K
}

