# JRE version: OpenJDK Runtime Environment (11.0.13) (build 11.0.13+0-b1751.21-8125866)
# Java VM: OpenJDK 64-Bit Server VM (11.0.13+0-b1751.21-8125866, mixed mode, tiered, compressed oops, g1 gc, windows-amd64)
Heap:
 garbage-first heap   total 808960K, used 328192K [0x0000000080000000, 0x0000000100000000)
  region size 1024K, 5 young (5120K), 5 survivors (5120K)
 Metaspace       used 117520K, capacity 120355K, committed 120568K, reserved 1153024K
  class space    used 15193K, capacity 16292K, committed 16356K, reserved 1048576K
GC Heap History (20 events):
Event: 40.483 GC heap after
{Heap after GC invocations=31 (full 0):
 garbage-first heap   total 305152K, used 238376K [0x0000000080000000, 0x0000000100000000)
  region size 1024K, 3 young (3072K), 3 survivors (3072K)
 Metaspace       used 110897K, capacity 113436K, committed 113528K, reserved 1148928K
  class space    used 14154K, capacity 15114K, committed 15204K, reserved 1048576K
}
Event: 40.554 GC heap before
{Heap before GC invocations=31 (full 0):
 garbage-first heap   total 305152K, used 256808K [0x0000000080000000, 0x0000000100000000)
  region size 1024K, 21 young (21504K), 3 survivors (3072K)
 Metaspace       used 110897K, capacity 113436K, committed 113528K, reserved 1148928K
  class space    used 14154K, capacity 15114K, committed 15204K, reserved 1048576K
}
Event: 40.560 GC heap after
{Heap after GC invocations=32 (full 0):
 garbage-first heap   total 305152K, used 242963K [0x0000000080000000, 0x0000000100000000)
  region size 1024K, 3 young (3072K), 3 survivors (3072K)
 Metaspace       used 110897K, capacity 113436K, committed 113528K, reserved 1148928K
  class space    used 14154K, capacity 15114K, committed 15204K, reserved 1048576K
}
Event: 40.713 GC heap before
{Heap before GC invocations=32 (full 0):
 garbage-first heap   total 305152K, used 267539K [0x0000000080000000, 0x0000000100000000)
  region size 1024K, 19 young (19456K), 3 survivors (3072K)
 Metaspace       used 110996K, capacity 113542K, committed 113784K, reserved 1148928K
  class space    used 14168K, capacity 15121K, committed 15204K, reserved 1048576K
}
Event: 40.727 GC heap after
{Heap after GC invocations=33 (full 0):
 garbage-first heap   total 305152K, used 249474K [0x0000000080000000, 0x0000000100000000)
  region size 1024K, 3 young (3072K), 3 survivors (3072K)
 Metaspace       used 110996K, capacity 113542K, committed 113784K, reserved 1148928K
  class space    used 14168K, capacity 15121K, committed 15204K, reserved 1048576K
}
Event: 40.823 GC heap before
{Heap before GC invocations=33 (full 0):
 garbage-first heap   total 305152K, used 261762K [0x0000000080000000, 0x0000000100000000)
  region size 1024K, 16 young (16384K), 3 survivors (3072K)
 Metaspace       used 111028K, capacity 113606K, committed 113784K, reserved 1148928K
  class space    used 14172K, capacity 15121K, committed 15204K, reserved 1048576K
}
Event: 40.847 GC heap after
{Heap after GC invocations=34 (full 0):
 garbage-first heap   total 305152K, used 255981K [0x0000000080000000, 0x0000000100000000)
  region size 1024K, 2 young (2048K), 2 survivors (2048K)
 Metaspace       used 111028K, capacity 113606K, committed 113784K, reserved 1148928K
  class space    used 14172K, capacity 15121K, committed 15204K, reserved 1048576K
}
Event: 40.899 GC heap before
{Heap before GC invocations=35 (full 0):
 garbage-first heap   total 305152K, used 267245K [0x0000000080000000, 0x0000000100000000)
  region size 1024K, 14 young (14336K), 2 survivors (2048K)
 Metaspace       used 111086K, capacity 113624K, committed 113784K, reserved 1148928K
  class space    used 14181K, capacity 15127K, committed 15204K, reserved 1048576K
}
Event: 40.916 GC heap after
{Heap after GC invocations=36 (full 0):
 garbage-first heap   total 305152K, used 259709K [0x0000000080000000, 0x0000000100000000)
  region size 1024K, 2 young (2048K), 2 survivors (2048K)
 Metaspace       used 111086K, capacity 113624K, committed 113784K, reserved 1148928K
  class space    used 14181K, capacity 15127K, committed 15204K, reserved 1048576K
}
Event: 40.924 GC heap before
{Heap before GC invocations=36 (full 0):
 garbage-first heap   total 305152K, used 260733K [0x0000000080000000, 0x0000000100000000)
  region size 1024K, 4 young (4096K), 2 survivors (2048K)
 Metaspace       used 111089K, capacity 113624K, committed 113784K, reserved 1148928K
  class space    used 14181K, capacity 15127K, committed 15204K, reserved 1048576K
}
Event: 40.933 GC heap after
{Heap after GC invocations=37 (full 0):
 garbage-first heap   total 305152K, used 260804K [0x0000000080000000, 0x0000000100000000)
  region size 1024K, 1 young (1024K), 1 survivors (1024K)
 Metaspace       used 111089K, capacity 113624K, committed 113784K, reserved 1148928K
  class space    used 14181K, capacity 15127K, committed 15204K, reserved 1048576K
}
Event: 41.071 GC heap before
{Heap before GC invocations=37 (full 0):
 garbage-first heap   total 305152K, used 277188K [0x0000000080000000, 0x0000000100000000)
  region size 1024K, 14 young (14336K), 1 survivors (1024K)
 Metaspace       used 111268K, capacity 113810K, committed 114040K, reserved 1148928K
  class space    used 14200K, capacity 15167K, committed 15204K, reserved 1048576K
}
Event: 41.090 GC heap after
{Heap after GC invocations=38 (full 0):
 garbage-first heap   total 441344K, used 268168K [0x0000000080000000, 0x0000000100000000)
  region size 1024K, 2 young (2048K), 2 survivors (2048K)
 Metaspace       used 111268K, capacity 113810K, committed 114040K, reserved 1148928K
  class space    used 14200K, capacity 15167K, committed 15204K, reserved 1048576K
}
Event: 42.088 GC heap before
{Heap before GC invocations=39 (full 0):
 garbage-first heap   total 441344K, used 313224K [0x0000000080000000, 0x0000000100000000)
  region size 1024K, 47 young (48128K), 2 survivors (2048K)
 Metaspace       used 115631K, capacity 118340K, committed 118392K, reserved 1153024K
  class space    used 14948K, capacity 15958K, committed 15972K, reserved 1048576K
}
Event: 42.120 GC heap after
{Heap after GC invocations=40 (full 0):
 garbage-first heap   total 441344K, used 279552K [0x0000000080000000, 0x0000000100000000)
  region size 1024K, 6 young (6144K), 6 survivors (6144K)
 Metaspace       used 115631K, capacity 118340K, committed 118392K, reserved 1153024K
  class space    used 14948K, capacity 15958K, committed 15972K, reserved 1048576K
}
Event: 42.597 GC heap before
{Heap before GC invocations=40 (full 0):
 garbage-first heap   total 441344K, used 325632K [0x0000000080000000, 0x0000000100000000)
  region size 1024K, 51 young (52224K), 6 survivors (6144K)
 Metaspace       used 116755K, capacity 119524K, committed 119672K, reserved 1153024K
  class space    used 15074K, capacity 16122K, committed 16228K, reserved 1048576K
}
Event: 42.640 GC heap after
{Heap after GC invocations=41 (full 0):
 garbage-first heap   total 441344K, used 297247K [0x0000000080000000, 0x0000000100000000)
  region size 1024K, 7 young (7168K), 7 survivors (7168K)
 Metaspace       used 116755K, capacity 119524K, committed 119672K, reserved 1153024K
  class space    used 15074K, capacity 16122K, committed 16228K, reserved 1048576K
}
Event: 43.011 GC heap before
{Heap before GC invocations=41 (full 0):
 garbage-first heap   total 441344K, used 337183K [0x0000000080000000, 0x0000000100000000)
  region size 1024K, 47 young (48128K), 7 survivors (7168K)
 Metaspace       used 117268K, capacity 120094K, committed 120312K, reserved 1153024K
  class space    used 15151K, capacity 16248K, committed 16356K, reserved 1048576K
}
Event: 43.060 GC heap after
{Heap after GC invocations=42 (full 0):
 garbage-first heap   total 441344K, used 317952K [0x0000000080000000, 0x0000000100000000)
  region size 1024K, 6 young (6144K), 6 survivors (6144K)
 Metaspace       used 117268K, capacity 120094K, committed 120312K, reserved 1153024K
  class space    used 15151K, capacity 16248K, committed 16356K, reserved 1048576K
}
Event: 43.568 GC heap before
{Heap before GC invocations=42 (full 0):
 garbage-first heap   total 441344K, used 349696K [0x0000000080000000, 0x0000000100000000)
  region size 1024K, 39 young (39936K), 6 survivors (6144K)
 Metaspace       used 117520K, capacity 120355K, committed 120568K, reserved 1153024K
  class space    used 15193K, capacity 16292K, committed 16356K, reserved 1048576K
}

