# JRE version: OpenJDK Runtime Environment (11.0.13) (build 11.0.13+0-b1751.21-8125866)
# Java VM: OpenJDK 64-Bit Server VM (11.0.13+0-b1751.21-8125866, mixed mode, tiered, compressed oops, g1 gc, windows-amd64)
Heap:
 garbage-first heap   total 196608K, used 56247K [0x0000000761200000, 0x0000000800000000)
  region size 1024K, 11 young (11264K), 9 survivors (9216K)
 Metaspace       used 66607K, capacity 67250K, committed 67456K, reserved 1110016K
  class space    used 7226K, capacity 7477K, committed 7552K, reserved 1048576K
GC Heap History (16 events):
Event: 0.492 GC heap before
{Heap before GC invocations=0 (full 0):
 garbage-first heap   total 163840K, used 17408K [0x0000000761200000, 0x0000000800000000)
  region size 1024K, 14 young (14336K), 0 survivors (0K)
 Metaspace       used 9811K, capacity 9906K, committed 10112K, reserved 1058816K
  class space    used 828K, capacity 853K, committed 896K, reserved 1048576K
}
Event: 0.495 GC heap after
{Heap after GC invocations=1 (full 0):
 garbage-first heap   total 163840K, used 5202K [0x0000000761200000, 0x0000000800000000)
  region size 1024K, 2 young (2048K), 2 survivors (2048K)
 Metaspace       used 9811K, capacity 9906K, committed 10112K, reserved 1058816K
  class space    used 828K, capacity 853K, committed 896K, reserved 1048576K
}
Event: 1.556 GC heap before
{Heap before GC invocations=1 (full 0):
 garbage-first heap   total 163840K, used 50258K [0x0000000761200000, 0x0000000800000000)
  region size 1024K, 47 young (48128K), 2 survivors (2048K)
 Metaspace       used 20834K, capacity 21081K, committed 21248K, reserved 1069056K
  class space    used 2193K, capacity 2286K, committed 2304K, reserved 1048576K
}
Event: 1.568 GC heap after
{Heap after GC invocations=2 (full 0):
 garbage-first heap   total 163840K, used 9114K [0x0000000761200000, 0x0000000800000000)
  region size 1024K, 6 young (6144K), 6 survivors (6144K)
 Metaspace       used 20834K, capacity 21081K, committed 21248K, reserved 1069056K
  class space    used 2193K, capacity 2286K, committed 2304K, reserved 1048576K
}
Event: 3.369 GC heap before
{Heap before GC invocations=3 (full 0):
 garbage-first heap   total 163840K, used 62362K [0x0000000761200000, 0x0000000800000000)
  region size 1024K, 53 young (54272K), 6 survivors (6144K)
 Metaspace       used 31793K, capacity 32338K, committed 32640K, reserved 1077248K
  class space    used 3946K, capacity 4159K, committed 4224K, reserved 1048576K
}
Event: 3.391 GC heap after
{Heap after GC invocations=4 (full 0):
 garbage-first heap   total 163840K, used 21036K [0x0000000761200000, 0x0000000800000000)
  region size 1024K, 7 young (7168K), 7 survivors (7168K)
 Metaspace       used 31793K, capacity 32338K, committed 32640K, reserved 1077248K
  class space    used 3946K, capacity 4159K, committed 4224K, reserved 1048576K
}
Event: 3.973 GC heap before
{Heap before GC invocations=4 (full 0):
 garbage-first heap   total 163840K, used 37420K [0x0000000761200000, 0x0000000800000000)
  region size 1024K, 24 young (24576K), 7 survivors (7168K)
 Metaspace       used 34906K, capacity 35422K, committed 35584K, reserved 1081344K
  class space    used 4275K, capacity 4483K, committed 4608K, reserved 1048576K
}
Event: 3.985 GC heap after
{Heap after GC invocations=5 (full 0):
 garbage-first heap   total 163840K, used 20392K [0x0000000761200000, 0x0000000800000000)
  region size 1024K, 2 young (2048K), 2 survivors (2048K)
 Metaspace       used 34906K, capacity 35422K, committed 35584K, reserved 1081344K
  class space    used 4275K, capacity 4483K, committed 4608K, reserved 1048576K
}
Event: 6.611 GC heap before
{Heap before GC invocations=6 (full 0):
 garbage-first heap   total 163840K, used 74664K [0x0000000761200000, 0x0000000800000000)
  region size 1024K, 55 young (56320K), 2 survivors (2048K)
 Metaspace       used 46670K, capacity 47291K, committed 47488K, reserved 1091584K
  class space    used 5465K, capacity 5722K, committed 5760K, reserved 1048576K
}
Event: 6.634 GC heap after
{Heap after GC invocations=7 (full 0):
 garbage-first heap   total 196608K, used 24831K [0x0000000761200000, 0x0000000800000000)
  region size 1024K, 7 young (7168K), 7 survivors (7168K)
 Metaspace       used 46670K, capacity 47291K, committed 47488K, reserved 1091584K
  class space    used 5465K, capacity 5722K, committed 5760K, reserved 1048576K
}
Event: 9.311 GC heap before
{Heap before GC invocations=8 (full 0):
 garbage-first heap   total 196608K, used 93439K [0x0000000761200000, 0x0000000800000000)
  region size 1024K, 72 young (73728K), 7 survivors (7168K)
 Metaspace       used 52263K, capacity 52959K, committed 53120K, reserved 1095680K
  class space    used 5927K, capacity 6195K, committed 6272K, reserved 1048576K
}
Event: 9.364 GC heap after
{Heap after GC invocations=9 (full 0):
 garbage-first heap   total 196608K, used 35583K [0x0000000761200000, 0x0000000800000000)
  region size 1024K, 9 young (9216K), 9 survivors (9216K)
 Metaspace       used 52263K, capacity 52959K, committed 53120K, reserved 1095680K
  class space    used 5927K, capacity 6195K, committed 6272K, reserved 1048576K
}
Event: 13.739 GC heap before
{Heap before GC invocations=9 (full 0):
 garbage-first heap   total 196608K, used 130815K [0x0000000761200000, 0x0000000800000000)
  region size 1024K, 102 young (104448K), 9 survivors (9216K)
 Metaspace       used 58236K, capacity 58935K, committed 59264K, reserved 1101824K
  class space    used 6414K, capacity 6684K, committed 6784K, reserved 1048576K
}
Event: 13.770 GC heap after
{Heap after GC invocations=10 (full 0):
 garbage-first heap   total 196608K, used 46629K [0x0000000761200000, 0x0000000800000000)
  region size 1024K, 11 young (11264K), 11 survivors (11264K)
 Metaspace       used 58236K, capacity 58935K, committed 59264K, reserved 1101824K
  class space    used 6414K, capacity 6684K, committed 6784K, reserved 1048576K
}
Event: 19.870 GC heap before
{Heap before GC invocations=10 (full 0):
 garbage-first heap   total 196608K, used 135717K [0x0000000761200000, 0x0000000800000000)
  region size 1024K, 98 young (100352K), 11 survivors (11264K)
 Metaspace       used 66563K, capacity 67250K, committed 67456K, reserved 1110016K
  class space    used 7226K, capacity 7477K, committed 7552K, reserved 1048576K
}
Event: 19.905 GC heap after
{Heap after GC invocations=11 (full 0):
 garbage-first heap   total 196608K, used 55223K [0x0000000761200000, 0x0000000800000000)
  region size 1024K, 9 young (9216K), 9 survivors (9216K)
 Metaspace       used 66563K, capacity 67250K, committed 67456K, reserved 1110016K
  class space    used 7226K, capacity 7477K, committed 7552K, reserved 1048576K
}

